0 info it worked if it ends with ok
1 verbose cli [ 'C:\\Program Files (x86)\\nodejs\\\\node.exe',
1 verbose cli   'C:\\Program Files (x86)\\nodejs\\node_modules\\npm\\bin\\npm-cli.js',
1 verbose cli   'install',
1 verbose cli   'monk',
1 verbose cli   '--save' ]
2 info using npm@1.4.28
3 info using node@v0.10.35
4 verbose node symlink C:\Program Files (x86)\nodejs\\node.exe
5 warn package.json chinesethes@1.0.0 No README data
6 verbose readDependencies using package.json deps
7 verbose cache add [ 'monk', null ]
8 verbose cache add name=undefined spec="monk" args=["monk",null]
9 verbose parsed url { protocol: null,
9 verbose parsed url   slashes: null,
9 verbose parsed url   auth: null,
9 verbose parsed url   host: null,
9 verbose parsed url   port: null,
9 verbose parsed url   hostname: null,
9 verbose parsed url   hash: null,
9 verbose parsed url   search: null,
9 verbose parsed url   query: null,
9 verbose parsed url   pathname: 'monk',
9 verbose parsed url   path: 'monk',
9 verbose parsed url   href: 'monk' }
10 silly lockFile 6257b557-monk monk
11 verbose lock monk C:\Users\Kayla\AppData\Roaming\npm-cache\6257b557-monk.lock
12 silly lockFile 6257b557-monk monk
13 silly lockFile 6257b557-monk monk
14 verbose addNamed [ 'monk', '' ]
15 verbose addNamed [ null, '*' ]
16 silly lockFile 3b1dac78-monk monk@
17 verbose lock monk@ C:\Users\Kayla\AppData\Roaming\npm-cache\3b1dac78-monk.lock
18 silly addNameRange { name: 'monk', range: '*', hasData: false }
19 verbose request where is /monk
20 verbose request registry https://registry.npmjs.org/
21 verbose request id 41bdaa18c3932f95
22 verbose url raw /monk
23 verbose url resolving [ 'https://registry.npmjs.org/', './monk' ]
24 verbose url resolved https://registry.npmjs.org/monk
25 verbose request where is https://registry.npmjs.org/monk
26 info trying registry request attempt 1 at 20:04:23
27 http GET https://registry.npmjs.org/monk
28 info retry will retry, error on last attempt: Error: getaddrinfo ENOTFOUND
29 info trying registry request attempt 2 at 20:04:33
30 http GET https://registry.npmjs.org/monk
31 info retry will retry, error on last attempt: Error: getaddrinfo ENOTFOUND
32 info trying registry request attempt 3 at 20:05:33
33 http GET https://registry.npmjs.org/monk
34 silly lockFile 3b1dac78-monk monk@
35 silly lockFile 3b1dac78-monk monk@
36 error network getaddrinfo ENOTFOUND
36 error network This is most likely not a problem with npm itself
36 error network and is related to network connectivity.
36 error network In most cases you are behind a proxy or have bad network settings.
36 error network
36 error network If you are behind a proxy, please make sure that the
36 error network 'proxy' config is set properly.  See: 'npm help config'
37 error System Windows_NT 6.2.9200
38 error command "C:\\Program Files (x86)\\nodejs\\\\node.exe" "C:\\Program Files (x86)\\nodejs\\node_modules\\npm\\bin\\npm-cli.js" "install" "monk" "--save"
39 error cwd C:\Users\Kayla\Documents\0123\chineseproject\ChineseProject\chinesethes\chinesethes
40 error node -v v0.10.35
41 error npm -v 1.4.28
42 error syscall getaddrinfo
43 error code ENOTFOUND
44 error errno ENOTFOUND
45 verbose exit [ 1, true ]
