0 info it worked if it ends with ok
1 verbose cli [ 'C:\\Program Files (x86)\\nodejs\\node.exe',
1 verbose cli   'C:\\Program Files (x86)\\nodejs\\node_modules\\npm\\bin\\npm-cli.js',
1 verbose cli   'install',
1 verbose cli   '-g',
1 verbose cli   'nodeeclipse' ]
2 info using npm@1.4.28
3 info using node@v0.10.35
4 verbose cache add [ 'nodeeclipse', null ]
5 verbose cache add name=undefined spec="nodeeclipse" args=["nodeeclipse",null]
6 verbose parsed url { protocol: null,
6 verbose parsed url   slashes: null,
6 verbose parsed url   auth: null,
6 verbose parsed url   host: null,
6 verbose parsed url   port: null,
6 verbose parsed url   hostname: null,
6 verbose parsed url   hash: null,
6 verbose parsed url   search: null,
6 verbose parsed url   query: null,
6 verbose parsed url   pathname: 'nodeeclipse',
6 verbose parsed url   path: 'nodeeclipse',
6 verbose parsed url   href: 'nodeeclipse' }
7 silly lockFile a4562451-nodeeclipse nodeeclipse
8 verbose lock nodeeclipse C:\Users\Kayla\AppData\Roaming\npm-cache\a4562451-nodeeclipse.lock
9 silly lockFile a4562451-nodeeclipse nodeeclipse
10 silly lockFile a4562451-nodeeclipse nodeeclipse
11 verbose addNamed [ 'nodeeclipse', '' ]
12 verbose addNamed [ null, '*' ]
13 silly lockFile f4b04463-nodeeclipse nodeeclipse@
14 verbose lock nodeeclipse@ C:\Users\Kayla\AppData\Roaming\npm-cache\f4b04463-nodeeclipse.lock
15 silly addNameRange { name: 'nodeeclipse', range: '*', hasData: false }
16 verbose request where is /nodeeclipse
17 verbose request registry https://registry.npmjs.org/
18 verbose request id 867be50939878dc1
19 verbose url raw /nodeeclipse
20 verbose url resolving [ 'https://registry.npmjs.org/', './nodeeclipse' ]
21 verbose url resolved https://registry.npmjs.org/nodeeclipse
22 verbose request where is https://registry.npmjs.org/nodeeclipse
23 info trying registry request attempt 1 at 16:16:29
24 http GET https://registry.npmjs.org/nodeeclipse
25 http 404 https://registry.npmjs.org/nodeeclipse
26 silly registry.get cb [ 404,
26 silly registry.get   { 'content-type': 'application/json',
26 silly registry.get     'cache-control': 'max-age=0',
26 silly registry.get     'content-length': '2',
26 silly registry.get     'accept-ranges': 'bytes',
26 silly registry.get     date: 'Tue, 12 Apr 2016 20:16:30 GMT',
26 silly registry.get     via: '1.1 varnish',
26 silly registry.get     age: '0',
26 silly registry.get     connection: 'keep-alive',
26 silly registry.get     'x-served-by': 'cache-iad2141-IAD',
26 silly registry.get     'x-cache': 'MISS',
26 silly registry.get     'x-cache-hits': '0',
26 silly registry.get     'x-timer': 'S1460492190.728289,VS0,VE83',
26 silly registry.get     vary: 'Accept-Encoding' } ]
27 silly lockFile f4b04463-nodeeclipse nodeeclipse@
28 silly lockFile f4b04463-nodeeclipse nodeeclipse@
29 error 404 Not Found
29 error 404
29 error 404 'nodeeclipse' is not in the npm registry.
29 error 404 You should bug the author to publish it
29 error 404
29 error 404 Note that you can also install from a
29 error 404 tarball, folder, or http url, or git url.
30 error System Windows_NT 6.2.9200
31 error command "C:\\Program Files (x86)\\nodejs\\node.exe" "C:\\Program Files (x86)\\nodejs\\node_modules\\npm\\bin\\npm-cli.js" "install" "-g" "nodeeclipse"
32 error cwd C:\Users\Kayla\Documents\0123\chineseproject\ChineseProject\chinesethes
33 error node -v v0.10.35
34 error npm -v 1.4.28
35 error code E404
36 verbose exit [ 1, true ]
